<?xml version="1.0" encoding="UTF-8"?>
<testng-results skipped="0" failed="0" total="1" passed="1">
  <reporter-output>
  </reporter-output>
  <suite name="Default suite" duration-ms="10714" started-at="2017-02-10T17:34:39Z" finished-at="2017-02-10T17:34:50Z">
    <groups>
    </groups>
    <test name="Default test" duration-ms="10714" started-at="2017-02-10T17:34:39Z" finished-at="2017-02-10T17:34:50Z">
      <class name="TestNG">
        <test-method status="PASS" signature="beforeTest()[pri:0, instance:TestNG@523884b2]" name="beforeTest" is-config="true" duration-ms="5545" started-at="2017-02-10T10:34:39Z" finished-at="2017-02-10T10:34:45Z">
          <reporter-output>
          </reporter-output>
        </test-method> <!-- beforeTest -->
        <test-method status="PASS" signature="searchbox()[pri:0, instance:TestNG@523884b2]" name="searchbox" duration-ms="5111" started-at="2017-02-10T10:34:45Z" finished-at="2017-02-10T10:34:50Z">
          <reporter-output>
          </reporter-output>
        </test-method> <!-- searchbox -->
        <test-method status="PASS" signature="afterTest()[pri:0, instance:TestNG@523884b2]" name="afterTest" is-config="true" duration-ms="47" started-at="2017-02-10T10:34:50Z" finished-at="2017-02-10T10:34:50Z">
          <reporter-output>
          </reporter-output>
        </test-method> <!-- afterTest -->
      </class> <!-- TestNG -->
    </test> <!-- Default test -->
  </suite> <!-- Default suite -->
</testng-results>
